<?xml version="1.0" encoding="UTF-8"?>
<!-- Generated by org.testng.reporters.JUnitReportReporter -->
<testsuite hostname="LP-213764046" failures="0" tests="1" name="Casestudy.ksrtc" time="99.144" errors="0" timestamp="2021-12-29T11:20:48 IST" skipped="0">
  <testcase classname="Casestudy.ksrtc" name="f" time="99.144"/>
  <system-out/>
</testsuite> <!-- Casestudy.ksrtc -->
